2018-08-04 13:42:01.714 INFO [main]com.fang.springboot_demo.SpringbootDemoApplication.logStarting:50 -Starting SpringbootDemoApplication on My-is with PID 2142 (/Users/haijuan/Documents/yuliangfang/workspace/myTest/SpringBoot/target/classes started by haijuan in /Users/haijuan/Documents/yuliangfang/workspace/myTest/SpringBoot)
2018-08-04 13:42:01.721 INFO [main]com.fang.springboot_demo.SpringbootDemoApplication.logStartupProfileInfo:659 -No active profile set, falling back to default profiles: default
2018-08-04 13:42:01.879 INFO [main]o.s.b.w.s.c.AnnotationConfigServletWebServerApplicationContext.prepareRefresh:590 -Refreshing org.springframework.boot.web.servlet.context.AnnotationConfigServletWebServerApplicationContext@27216cd: startup date [Sat Aug 04 13:42:01 CST 2018]; root of context hierarchy
2018-08-04 13:42:02.888 WARN [main]tk.mybatis.spring.mapper.ClassPathMapperScanner.doScan:142 -No MyBatis mapper was found in '[com.fang.springboot_demo]' package. Please check your configuration.
2018-08-04 13:42:02.896 WARN [main]org.mybatis.spring.mapper.ClassPathMapperScanner.doScan:166 -No MyBatis mapper was found in '[com.fang.springboot_demo]' package. Please check your configuration.
2018-08-04 13:42:03.777 INFO [main]o.s.boot.web.embedded.tomcat.TomcatWebServer.initialize:91 -Tomcat initialized with port(s): 8888 (http)
2018-08-04 13:42:03.792 INFO [main]org.apache.coyote.http11.Http11NioProtocol.log:180 -Initializing ProtocolHandler ["http-nio-8888"]
2018-08-04 13:42:03.803 INFO [main]org.apache.catalina.core.StandardService.log:180 -Starting service [Tomcat]
2018-08-04 13:42:03.803 INFO [main]org.apache.catalina.core.StandardEngine.log:180 -Starting Servlet Engine: Apache Tomcat/8.5.31
2018-08-04 13:42:03.807 INFO [localhost-startStop-1]org.apache.catalina.core.AprLifecycleListener.log:180 -The APR based Apache Tomcat Native library which allows optimal performance in production environments was not found on the java.library.path: [/Users/haijuan/Library/Java/Extensions:/Library/Java/Extensions:/Network/Library/Java/Extensions:/System/Library/Java/Extensions:/usr/lib/java:.]
2018-08-04 13:42:03.885 INFO [localhost-startStop-1]o.a.catalina.core.ContainerBase.[Tomcat].[localhost].[/].log:180 -Initializing Spring embedded WebApplicationContext
2018-08-04 13:42:03.885 INFO [localhost-startStop-1]org.springframework.web.context.ContextLoader.prepareWebApplicationContext:285 -Root WebApplicationContext: initialization completed in 2006 ms
2018-08-04 13:42:04.051 INFO [localhost-startStop-1]o.s.boot.web.servlet.ServletRegistrationBean.addRegistration:186 -Servlet dispatcherServlet mapped to [/]
2018-08-04 13:42:04.060 INFO [localhost-startStop-1]o.s.boot.web.servlet.FilterRegistrationBean.configure:245 -Mapping filter: 'characterEncodingFilter' to: [/*]
2018-08-04 13:42:04.061 INFO [localhost-startStop-1]o.s.boot.web.servlet.FilterRegistrationBean.configure:245 -Mapping filter: 'hiddenHttpMethodFilter' to: [/*]
2018-08-04 13:42:04.061 INFO [localhost-startStop-1]o.s.boot.web.servlet.FilterRegistrationBean.configure:245 -Mapping filter: 'httpPutFormContentFilter' to: [/*]
2018-08-04 13:42:04.061 INFO [localhost-startStop-1]o.s.boot.web.servlet.FilterRegistrationBean.configure:245 -Mapping filter: 'requestContextFilter' to: [/*]
2018-08-04 13:42:04.061 INFO [localhost-startStop-1]o.s.boot.web.servlet.FilterRegistrationBean.configure:258 -Mapping filter: 'loginFilter' to urls: [/api/filter]
2018-08-04 13:42:04.653 INFO [main]o.s.web.servlet.handler.SimpleUrlHandlerMapping.registerHandler:373 -Mapped URL path [/**/favicon.ico] onto handler of type [class org.springframework.web.servlet.resource.ResourceHttpRequestHandler]
2018-08-04 13:42:05.005 INFO [main]o.s.w.s.m.method.annotation.RequestMappingHandlerAdapter.initControllerAdviceCache:574 -Looking for @ControllerAdvice: org.springframework.boot.web.servlet.context.AnnotationConfigServletWebServerApplicationContext@27216cd: startup date [Sat Aug 04 13:42:01 CST 2018]; root of context hierarchy
2018-08-04 13:42:05.073 INFO [main]o.s.w.s.m.method.annotation.RequestMappingHandlerMapping.register:547 -Mapped "{[/index]}" onto public java.lang.Object com.fang.springboot_demo.controller.FileUpLoadController.index()
2018-08-04 13:42:05.075 INFO [main]o.s.w.s.m.method.annotation.RequestMappingHandlerMapping.register:547 -Mapped "{[/upload]}" onto public java.lang.String com.fang.springboot_demo.controller.FileUpLoadController.upload(org.springframework.web.multipart.MultipartFile,javax.servlet.http.HttpServletRequest)
2018-08-04 13:42:05.081 INFO [main]o.s.w.s.m.method.annotation.RequestMappingHandlerMapping.register:547 -Mapped "{[/api/v1/user],methods=[POST]}" onto public java.lang.Boolean com.fang.springboot_demo.controller.UserController.addUser(com.fang.springboot_demo.domain.User)
2018-08-04 13:42:05.082 INFO [main]o.s.w.s.m.method.annotation.RequestMappingHandlerMapping.register:547 -Mapped "{[/api/v1/user/{id}],methods=[GET]}" onto public com.fang.springboot_demo.domain.User com.fang.springboot_demo.controller.UserController.getUserById(java.lang.Integer)
2018-08-04 13:42:05.082 INFO [main]o.s.w.s.m.method.annotation.RequestMappingHandlerMapping.register:547 -Mapped "{[/api/v1/users],methods=[GET]}" onto public java.util.List<com.fang.springboot_demo.domain.User> com.fang.springboot_demo.controller.UserController.getAllUser()
2018-08-04 13:42:05.085 INFO [main]o.s.w.s.m.method.annotation.RequestMappingHandlerMapping.register:547 -Mapped "{[/error]}" onto public org.springframework.http.ResponseEntity<java.util.Map<java.lang.String, java.lang.Object>> org.springframework.boot.autoconfigure.web.servlet.error.BasicErrorController.error(javax.servlet.http.HttpServletRequest)
2018-08-04 13:42:05.086 INFO [main]o.s.w.s.m.method.annotation.RequestMappingHandlerMapping.register:547 -Mapped "{[/error],produces=[text/html]}" onto public org.springframework.web.servlet.ModelAndView org.springframework.boot.autoconfigure.web.servlet.error.BasicErrorController.errorHtml(javax.servlet.http.HttpServletRequest,javax.servlet.http.HttpServletResponse)
2018-08-04 13:42:05.120 INFO [main]o.s.web.servlet.handler.SimpleUrlHandlerMapping.registerHandler:373 -Mapped URL path [/webjars/**] onto handler of type [class org.springframework.web.servlet.resource.ResourceHttpRequestHandler]
2018-08-04 13:42:05.121 INFO [main]o.s.web.servlet.handler.SimpleUrlHandlerMapping.registerHandler:373 -Mapped URL path [/**] onto handler of type [class org.springframework.web.servlet.resource.ResourceHttpRequestHandler]
2018-08-04 13:42:05.257 INFO [main]o.s.b.a.web.servlet.WelcomePageHandlerMapping.<init>:61 -Adding welcome page template: index
2018-08-04 13:42:05.318 INFO [main]tk.mybatis.mapper.autoconfigure.MapperCacheDisabler.removeStaticCache:60 -Clear tk.mybatis.mapper.util.MsUtil CLASS_CACHE cache.
2018-08-04 13:42:05.319 INFO [main]tk.mybatis.mapper.autoconfigure.MapperCacheDisabler.removeStaticCache:60 -Clear tk.mybatis.mapper.genid.GenIdUtil CACHE cache.
2018-08-04 13:42:05.320 INFO [main]tk.mybatis.mapper.autoconfigure.MapperCacheDisabler.removeStaticCache:60 -Clear tk.mybatis.mapper.version.VersionUtil CACHE cache.
2018-08-04 13:42:05.321 INFO [main]tk.mybatis.mapper.autoconfigure.MapperCacheDisabler.removeEntityHelperCache:83 -Clear EntityHelper entityTableMap cache.
2018-08-04 13:42:05.580 INFO [main]o.s.jmx.export.annotation.AnnotationMBeanExporter.afterSingletonsInstantiated:433 -Registering beans for JMX exposure on startup
2018-08-04 13:42:05.582 INFO [main]o.s.jmx.export.annotation.AnnotationMBeanExporter.autodetect:895 -Bean with name 'dataSource' has been autodetected for JMX exposure
2018-08-04 13:42:05.588 INFO [main]o.s.jmx.export.annotation.AnnotationMBeanExporter.registerBeanInstance:668 -Located MBean 'dataSource': registering with JMX server as MBean [com.zaxxer.hikari:name=dataSource,type=HikariDataSource]
2018-08-04 13:42:05.605 INFO [main]org.apache.coyote.http11.Http11NioProtocol.log:180 -Starting ProtocolHandler ["http-nio-8888"]
2018-08-04 13:42:05.624 INFO [main]org.apache.tomcat.util.net.NioSelectorPool.log:180 -Using a shared selector for servlet write/read
2018-08-04 13:42:05.639 INFO [main]o.s.boot.web.embedded.tomcat.TomcatWebServer.start:206 -Tomcat started on port(s): 8888 (http) with context path ''
2018-08-04 13:42:05.645 INFO [main]com.fang.springboot_demo.SpringbootDemoApplication.logStarted:59 -Started SpringbootDemoApplication in 4.892 seconds (JVM running for 6.077)
2018-08-04 13:42:43.546 INFO [http-nio-8888-exec-1]o.a.catalina.core.ContainerBase.[Tomcat].[localhost].[/].log:180 -Initializing Spring FrameworkServlet 'dispatcherServlet'
2018-08-04 13:42:43.546 INFO [http-nio-8888-exec-1]org.springframework.web.servlet.DispatcherServlet.initServletBean:494 -FrameworkServlet 'dispatcherServlet': initialization started
2018-08-04 13:42:43.568 INFO [http-nio-8888-exec-1]org.springframework.web.servlet.DispatcherServlet.initServletBean:509 -FrameworkServlet 'dispatcherServlet': initialization completed in 22 ms
2018-08-04 13:43:09.592 INFO [Thread-13]o.s.b.w.s.c.AnnotationConfigServletWebServerApplicationContext.doClose:993 -Closing org.springframework.boot.web.servlet.context.AnnotationConfigServletWebServerApplicationContext@27216cd: startup date [Sat Aug 04 13:42:01 CST 2018]; root of context hierarchy
2018-08-04 13:43:09.597 INFO [Thread-13]o.s.jmx.export.annotation.AnnotationMBeanExporter.destroy:451 -Unregistering JMX-exposed beans on shutdown
2018-08-04 13:43:09.598 INFO [Thread-13]o.s.jmx.export.annotation.AnnotationMBeanExporter.unregisterBeans:183 -Unregistering JMX-exposed beans
2018-08-04 13:43:17.464 INFO [main]com.fang.springboot_demo.SpringbootDemoApplication.logStarting:50 -Starting SpringbootDemoApplication on My-is with PID 2161 (/Users/haijuan/Documents/yuliangfang/workspace/myTest/SpringBoot/target/classes started by haijuan in /Users/haijuan/Documents/yuliangfang/workspace/myTest/SpringBoot)
2018-08-04 13:43:17.476 INFO [main]com.fang.springboot_demo.SpringbootDemoApplication.logStartupProfileInfo:659 -No active profile set, falling back to default profiles: default
2018-08-04 13:43:17.571 INFO [main]o.s.b.w.s.c.AnnotationConfigServletWebServerApplicationContext.prepareRefresh:590 -Refreshing org.springframework.boot.web.servlet.context.AnnotationConfigServletWebServerApplicationContext@d41f816: startup date [Sat Aug 04 13:43:17 CST 2018]; root of context hierarchy
2018-08-04 13:43:18.340 WARN [main]tk.mybatis.spring.mapper.ClassPathMapperScanner.doScan:142 -No MyBatis mapper was found in '[com.fang.springboot_demo]' package. Please check your configuration.
2018-08-04 13:43:18.347 WARN [main]org.mybatis.spring.mapper.ClassPathMapperScanner.doScan:166 -No MyBatis mapper was found in '[com.fang.springboot_demo]' package. Please check your configuration.
2018-08-04 13:43:19.082 INFO [main]o.s.boot.web.embedded.tomcat.TomcatWebServer.initialize:91 -Tomcat initialized with port(s): 8888 (http)
2018-08-04 13:43:19.095 INFO [main]org.apache.coyote.http11.Http11NioProtocol.log:180 -Initializing ProtocolHandler ["http-nio-8888"]
2018-08-04 13:43:19.106 INFO [main]org.apache.catalina.core.StandardService.log:180 -Starting service [Tomcat]
2018-08-04 13:43:19.107 INFO [main]org.apache.catalina.core.StandardEngine.log:180 -Starting Servlet Engine: Apache Tomcat/8.5.31
2018-08-04 13:43:19.112 INFO [localhost-startStop-1]org.apache.catalina.core.AprLifecycleListener.log:180 -The APR based Apache Tomcat Native library which allows optimal performance in production environments was not found on the java.library.path: [/Users/haijuan/Library/Java/Extensions:/Library/Java/Extensions:/Network/Library/Java/Extensions:/System/Library/Java/Extensions:/usr/lib/java:.]
2018-08-04 13:43:19.185 INFO [localhost-startStop-1]o.a.catalina.core.ContainerBase.[Tomcat].[localhost].[/].log:180 -Initializing Spring embedded WebApplicationContext
2018-08-04 13:43:19.186 INFO [localhost-startStop-1]org.springframework.web.context.ContextLoader.prepareWebApplicationContext:285 -Root WebApplicationContext: initialization completed in 1615 ms
2018-08-04 13:43:19.341 INFO [localhost-startStop-1]o.s.boot.web.servlet.ServletRegistrationBean.addRegistration:186 -Servlet dispatcherServlet mapped to [/]
2018-08-04 13:43:19.345 INFO [localhost-startStop-1]o.s.boot.web.servlet.FilterRegistrationBean.configure:245 -Mapping filter: 'characterEncodingFilter' to: [/*]
2018-08-04 13:43:19.346 INFO [localhost-startStop-1]o.s.boot.web.servlet.FilterRegistrationBean.configure:245 -Mapping filter: 'hiddenHttpMethodFilter' to: [/*]
2018-08-04 13:43:19.346 INFO [localhost-startStop-1]o.s.boot.web.servlet.FilterRegistrationBean.configure:245 -Mapping filter: 'httpPutFormContentFilter' to: [/*]
2018-08-04 13:43:19.346 INFO [localhost-startStop-1]o.s.boot.web.servlet.FilterRegistrationBean.configure:245 -Mapping filter: 'requestContextFilter' to: [/*]
2018-08-04 13:43:19.346 INFO [localhost-startStop-1]o.s.boot.web.servlet.FilterRegistrationBean.configure:258 -Mapping filter: 'loginFilter' to urls: [/api/filter]
2018-08-04 13:43:19.911 INFO [main]o.s.web.servlet.handler.SimpleUrlHandlerMapping.registerHandler:373 -Mapped URL path [/**/favicon.ico] onto handler of type [class org.springframework.web.servlet.resource.ResourceHttpRequestHandler]
2018-08-04 13:43:20.244 INFO [main]o.s.w.s.m.method.annotation.RequestMappingHandlerAdapter.initControllerAdviceCache:574 -Looking for @ControllerAdvice: org.springframework.boot.web.servlet.context.AnnotationConfigServletWebServerApplicationContext@d41f816: startup date [Sat Aug 04 13:43:17 CST 2018]; root of context hierarchy
2018-08-04 13:43:20.319 INFO [main]o.s.w.s.m.method.annotation.RequestMappingHandlerMapping.register:547 -Mapped "{[/index]}" onto public java.lang.Object com.fang.springboot_demo.controller.FileUpLoadController.index()
2018-08-04 13:43:20.321 INFO [main]o.s.w.s.m.method.annotation.RequestMappingHandlerMapping.register:547 -Mapped "{[/upload]}" onto public java.lang.String com.fang.springboot_demo.controller.FileUpLoadController.upload(org.springframework.web.multipart.MultipartFile,javax.servlet.http.HttpServletRequest)
2018-08-04 13:43:20.329 INFO [main]o.s.w.s.m.method.annotation.RequestMappingHandlerMapping.register:547 -Mapped "{[/api/v1/user/{id}],methods=[GET]}" onto public com.fang.springboot_demo.domain.User com.fang.springboot_demo.controller.UserController.getUserById(java.lang.Integer)
2018-08-04 13:43:20.329 INFO [main]o.s.w.s.m.method.annotation.RequestMappingHandlerMapping.register:547 -Mapped "{[/api/v1/users],methods=[GET]}" onto public java.util.List<com.fang.springboot_demo.domain.User> com.fang.springboot_demo.controller.UserController.getAllUser()
2018-08-04 13:43:20.330 INFO [main]o.s.w.s.m.method.annotation.RequestMappingHandlerMapping.register:547 -Mapped "{[/api/v1/user],methods=[POST]}" onto public java.lang.Boolean com.fang.springboot_demo.controller.UserController.addUser(com.fang.springboot_demo.domain.User)
2018-08-04 13:43:20.333 INFO [main]o.s.w.s.m.method.annotation.RequestMappingHandlerMapping.register:547 -Mapped "{[/error]}" onto public org.springframework.http.ResponseEntity<java.util.Map<java.lang.String, java.lang.Object>> org.springframework.boot.autoconfigure.web.servlet.error.BasicErrorController.error(javax.servlet.http.HttpServletRequest)
2018-08-04 13:43:20.334 INFO [main]o.s.w.s.m.method.annotation.RequestMappingHandlerMapping.register:547 -Mapped "{[/error],produces=[text/html]}" onto public org.springframework.web.servlet.ModelAndView org.springframework.boot.autoconfigure.web.servlet.error.BasicErrorController.errorHtml(javax.servlet.http.HttpServletRequest,javax.servlet.http.HttpServletResponse)
2018-08-04 13:43:20.370 INFO [main]o.s.web.servlet.handler.SimpleUrlHandlerMapping.registerHandler:373 -Mapped URL path [/webjars/**] onto handler of type [class org.springframework.web.servlet.resource.ResourceHttpRequestHandler]
2018-08-04 13:43:20.371 INFO [main]o.s.web.servlet.handler.SimpleUrlHandlerMapping.registerHandler:373 -Mapped URL path [/**] onto handler of type [class org.springframework.web.servlet.resource.ResourceHttpRequestHandler]
2018-08-04 13:43:20.504 INFO [main]o.s.b.a.web.servlet.WelcomePageHandlerMapping.<init>:61 -Adding welcome page template: index
2018-08-04 13:43:20.564 INFO [main]tk.mybatis.mapper.autoconfigure.MapperCacheDisabler.removeStaticCache:60 -Clear tk.mybatis.mapper.util.MsUtil CLASS_CACHE cache.
2018-08-04 13:43:20.565 INFO [main]tk.mybatis.mapper.autoconfigure.MapperCacheDisabler.removeStaticCache:60 -Clear tk.mybatis.mapper.genid.GenIdUtil CACHE cache.
2018-08-04 13:43:20.566 INFO [main]tk.mybatis.mapper.autoconfigure.MapperCacheDisabler.removeStaticCache:60 -Clear tk.mybatis.mapper.version.VersionUtil CACHE cache.
2018-08-04 13:43:20.567 INFO [main]tk.mybatis.mapper.autoconfigure.MapperCacheDisabler.removeEntityHelperCache:83 -Clear EntityHelper entityTableMap cache.
2018-08-04 13:43:20.823 INFO [main]o.s.jmx.export.annotation.AnnotationMBeanExporter.afterSingletonsInstantiated:433 -Registering beans for JMX exposure on startup
2018-08-04 13:43:20.825 INFO [main]o.s.jmx.export.annotation.AnnotationMBeanExporter.autodetect:895 -Bean with name 'dataSource' has been autodetected for JMX exposure
2018-08-04 13:43:20.831 INFO [main]o.s.jmx.export.annotation.AnnotationMBeanExporter.registerBeanInstance:668 -Located MBean 'dataSource': registering with JMX server as MBean [com.zaxxer.hikari:name=dataSource,type=HikariDataSource]
2018-08-04 13:43:20.847 INFO [main]org.apache.coyote.http11.Http11NioProtocol.log:180 -Starting ProtocolHandler ["http-nio-8888"]
2018-08-04 13:43:20.867 INFO [main]org.apache.tomcat.util.net.NioSelectorPool.log:180 -Using a shared selector for servlet write/read
2018-08-04 13:43:20.884 INFO [main]o.s.boot.web.embedded.tomcat.TomcatWebServer.start:206 -Tomcat started on port(s): 8888 (http) with context path ''
2018-08-04 13:43:20.890 INFO [main]com.fang.springboot_demo.SpringbootDemoApplication.logStarted:59 -Started SpringbootDemoApplication in 4.42 seconds (JVM running for 5.486)
2018-08-04 13:44:00.984 INFO [http-nio-8888-exec-1]o.a.catalina.core.ContainerBase.[Tomcat].[localhost].[/].log:180 -Initializing Spring FrameworkServlet 'dispatcherServlet'
2018-08-04 13:44:00.984 INFO [http-nio-8888-exec-1]org.springframework.web.servlet.DispatcherServlet.initServletBean:494 -FrameworkServlet 'dispatcherServlet': initialization started
2018-08-04 13:44:01.004 INFO [http-nio-8888-exec-1]org.springframework.web.servlet.DispatcherServlet.initServletBean:509 -FrameworkServlet 'dispatcherServlet': initialization completed in 20 ms
2018-08-04 13:44:01.032 INFO [http-nio-8888-exec-1]com.fang.springboot_demo.controller.UserController.getAllUser:40 -this is info level
2018-08-04 13:44:01.060 INFO [http-nio-8888-exec-1]com.zaxxer.hikari.HikariDataSource.getConnection:110 -HikariPool-1 - Starting...
2018-08-04 13:44:01.320 INFO [http-nio-8888-exec-1]com.zaxxer.hikari.HikariDataSource.getConnection:123 -HikariPool-1 - Start completed.
2018-08-04 13:46:49.789 WARN [HikariPool-1 housekeeper]com.zaxxer.hikari.pool.HikariPool.run:758 -HikariPool-1 - Thread starvation or clock leap detected (housekeeper delta=1m18s354ms).
2018-08-04 13:46:49.789 INFO [http-nio-8888-exec-6]com.fang.springboot_demo.controller.UserController.getAllUser:40 -this is info level
2018-08-04 13:47:08.590 INFO [Thread-12]o.s.b.w.s.c.AnnotationConfigServletWebServerApplicationContext.doClose:993 -Closing org.springframework.boot.web.servlet.context.AnnotationConfigServletWebServerApplicationContext@d41f816: startup date [Sat Aug 04 13:43:17 CST 2018]; root of context hierarchy
2018-08-04 13:47:08.595 INFO [Thread-12]o.s.jmx.export.annotation.AnnotationMBeanExporter.destroy:451 -Unregistering JMX-exposed beans on shutdown
2018-08-04 13:47:08.597 INFO [Thread-12]o.s.jmx.export.annotation.AnnotationMBeanExporter.unregisterBeans:183 -Unregistering JMX-exposed beans
2018-08-04 13:47:08.597 INFO [Thread-12]com.zaxxer.hikari.HikariDataSource.close:381 -HikariPool-1 - Shutdown initiated...
2018-08-04 13:47:08.604 INFO [Thread-12]com.zaxxer.hikari.HikariDataSource.close:383 -HikariPool-1 - Shutdown completed.
2018-08-04 13:47:56.505 INFO [main]com.fang.springboot_demo.SpringbootDemoApplication.logStarting:50 -Starting SpringbootDemoApplication on My-is with PID 2217 (/Users/haijuan/Documents/yuliangfang/workspace/myTest/SpringBoot/target/classes started by haijuan in /Users/haijuan/Documents/yuliangfang/workspace/myTest/SpringBoot)
2018-08-04 13:47:56.517 INFO [main]com.fang.springboot_demo.SpringbootDemoApplication.logStartupProfileInfo:659 -No active profile set, falling back to default profiles: default
2018-08-04 13:47:56.673 INFO [main]o.s.b.w.s.c.AnnotationConfigServletWebServerApplicationContext.prepareRefresh:590 -Refreshing org.springframework.boot.web.servlet.context.AnnotationConfigServletWebServerApplicationContext@56673b2c: startup date [Sat Aug 04 13:47:56 CST 2018]; root of context hierarchy
2018-08-04 13:47:57.550 WARN [main]tk.mybatis.spring.mapper.ClassPathMapperScanner.doScan:142 -No MyBatis mapper was found in '[com.fang.springboot_demo]' package. Please check your configuration.
2018-08-04 13:47:57.557 WARN [main]org.mybatis.spring.mapper.ClassPathMapperScanner.doScan:166 -No MyBatis mapper was found in '[com.fang.springboot_demo]' package. Please check your configuration.
2018-08-04 13:47:58.438 INFO [main]o.s.boot.web.embedded.tomcat.TomcatWebServer.initialize:91 -Tomcat initialized with port(s): 8888 (http)
2018-08-04 13:47:58.452 INFO [main]org.apache.coyote.http11.Http11NioProtocol.log:180 -Initializing ProtocolHandler ["http-nio-8888"]
2018-08-04 13:47:58.463 INFO [main]org.apache.catalina.core.StandardService.log:180 -Starting service [Tomcat]
2018-08-04 13:47:58.463 INFO [main]org.apache.catalina.core.StandardEngine.log:180 -Starting Servlet Engine: Apache Tomcat/8.5.31
2018-08-04 13:47:58.472 INFO [localhost-startStop-1]org.apache.catalina.core.AprLifecycleListener.log:180 -The APR based Apache Tomcat Native library which allows optimal performance in production environments was not found on the java.library.path: [/Users/haijuan/Library/Java/Extensions:/Library/Java/Extensions:/Network/Library/Java/Extensions:/System/Library/Java/Extensions:/usr/lib/java:.]
2018-08-04 13:47:58.551 INFO [localhost-startStop-1]o.a.catalina.core.ContainerBase.[Tomcat].[localhost].[/].log:180 -Initializing Spring embedded WebApplicationContext
2018-08-04 13:47:58.551 INFO [localhost-startStop-1]org.springframework.web.context.ContextLoader.prepareWebApplicationContext:285 -Root WebApplicationContext: initialization completed in 1878 ms
2018-08-04 13:47:58.786 INFO [localhost-startStop-1]o.s.boot.web.servlet.ServletRegistrationBean.addRegistration:186 -Servlet dispatcherServlet mapped to [/]
2018-08-04 13:47:58.793 INFO [localhost-startStop-1]o.s.boot.web.servlet.FilterRegistrationBean.configure:245 -Mapping filter: 'characterEncodingFilter' to: [/*]
2018-08-04 13:47:58.794 INFO [localhost-startStop-1]o.s.boot.web.servlet.FilterRegistrationBean.configure:245 -Mapping filter: 'hiddenHttpMethodFilter' to: [/*]
2018-08-04 13:47:58.795 INFO [localhost-startStop-1]o.s.boot.web.servlet.FilterRegistrationBean.configure:245 -Mapping filter: 'httpPutFormContentFilter' to: [/*]
2018-08-04 13:47:58.795 INFO [localhost-startStop-1]o.s.boot.web.servlet.FilterRegistrationBean.configure:245 -Mapping filter: 'requestContextFilter' to: [/*]
2018-08-04 13:47:58.795 INFO [localhost-startStop-1]o.s.boot.web.servlet.FilterRegistrationBean.configure:258 -Mapping filter: 'loginFilter' to urls: [/api/filter]
2018-08-04 13:47:59.425 INFO [main]o.s.web.servlet.handler.SimpleUrlHandlerMapping.registerHandler:373 -Mapped URL path [/**/favicon.ico] onto handler of type [class org.springframework.web.servlet.resource.ResourceHttpRequestHandler]
2018-08-04 13:47:59.786 INFO [main]o.s.w.s.m.method.annotation.RequestMappingHandlerAdapter.initControllerAdviceCache:574 -Looking for @ControllerAdvice: org.springframework.boot.web.servlet.context.AnnotationConfigServletWebServerApplicationContext@56673b2c: startup date [Sat Aug 04 13:47:56 CST 2018]; root of context hierarchy
2018-08-04 13:47:59.847 INFO [main]o.s.w.s.m.method.annotation.RequestMappingHandlerMapping.register:547 -Mapped "{[/index]}" onto public java.lang.Object com.fang.springboot_demo.controller.FileUpLoadController.index()
2018-08-04 13:47:59.849 INFO [main]o.s.w.s.m.method.annotation.RequestMappingHandlerMapping.register:547 -Mapped "{[/upload]}" onto public java.lang.String com.fang.springboot_demo.controller.FileUpLoadController.upload(org.springframework.web.multipart.MultipartFile,javax.servlet.http.HttpServletRequest)
2018-08-04 13:47:59.855 INFO [main]o.s.w.s.m.method.annotation.RequestMappingHandlerMapping.register:547 -Mapped "{[/api/v1/user],methods=[POST]}" onto public java.lang.Boolean com.fang.springboot_demo.controller.UserController.addUser(com.fang.springboot_demo.domain.User)
2018-08-04 13:47:59.856 INFO [main]o.s.w.s.m.method.annotation.RequestMappingHandlerMapping.register:547 -Mapped "{[/api/v1/user/{id}],methods=[GET]}" onto public com.fang.springboot_demo.domain.User com.fang.springboot_demo.controller.UserController.getUserById(java.lang.Integer)
2018-08-04 13:47:59.856 INFO [main]o.s.w.s.m.method.annotation.RequestMappingHandlerMapping.register:547 -Mapped "{[/api/v1/users],methods=[GET]}" onto public java.util.List<com.fang.springboot_demo.domain.User> com.fang.springboot_demo.controller.UserController.getAllUser()
2018-08-04 13:47:59.859 INFO [main]o.s.w.s.m.method.annotation.RequestMappingHandlerMapping.register:547 -Mapped "{[/error]}" onto public org.springframework.http.ResponseEntity<java.util.Map<java.lang.String, java.lang.Object>> org.springframework.boot.autoconfigure.web.servlet.error.BasicErrorController.error(javax.servlet.http.HttpServletRequest)
2018-08-04 13:47:59.860 INFO [main]o.s.w.s.m.method.annotation.RequestMappingHandlerMapping.register:547 -Mapped "{[/error],produces=[text/html]}" onto public org.springframework.web.servlet.ModelAndView org.springframework.boot.autoconfigure.web.servlet.error.BasicErrorController.errorHtml(javax.servlet.http.HttpServletRequest,javax.servlet.http.HttpServletResponse)
2018-08-04 13:47:59.895 INFO [main]o.s.web.servlet.handler.SimpleUrlHandlerMapping.registerHandler:373 -Mapped URL path [/webjars/**] onto handler of type [class org.springframework.web.servlet.resource.ResourceHttpRequestHandler]
2018-08-04 13:47:59.896 INFO [main]o.s.web.servlet.handler.SimpleUrlHandlerMapping.registerHandler:373 -Mapped URL path [/**] onto handler of type [class org.springframework.web.servlet.resource.ResourceHttpRequestHandler]
2018-08-04 13:48:00.017 INFO [main]o.s.b.a.web.servlet.WelcomePageHandlerMapping.<init>:61 -Adding welcome page template: index
2018-08-04 13:48:00.076 INFO [main]tk.mybatis.mapper.autoconfigure.MapperCacheDisabler.removeStaticCache:60 -Clear tk.mybatis.mapper.util.MsUtil CLASS_CACHE cache.
2018-08-04 13:48:00.077 INFO [main]tk.mybatis.mapper.autoconfigure.MapperCacheDisabler.removeStaticCache:60 -Clear tk.mybatis.mapper.genid.GenIdUtil CACHE cache.
2018-08-04 13:48:00.078 INFO [main]tk.mybatis.mapper.autoconfigure.MapperCacheDisabler.removeStaticCache:60 -Clear tk.mybatis.mapper.version.VersionUtil CACHE cache.
2018-08-04 13:48:00.079 INFO [main]tk.mybatis.mapper.autoconfigure.MapperCacheDisabler.removeEntityHelperCache:83 -Clear EntityHelper entityTableMap cache.
2018-08-04 13:48:00.366 INFO [main]o.s.jmx.export.annotation.AnnotationMBeanExporter.afterSingletonsInstantiated:433 -Registering beans for JMX exposure on startup
2018-08-04 13:48:00.367 INFO [main]o.s.jmx.export.annotation.AnnotationMBeanExporter.autodetect:895 -Bean with name 'dataSource' has been autodetected for JMX exposure
2018-08-04 13:48:00.374 INFO [main]o.s.jmx.export.annotation.AnnotationMBeanExporter.registerBeanInstance:668 -Located MBean 'dataSource': registering with JMX server as MBean [com.zaxxer.hikari:name=dataSource,type=HikariDataSource]
2018-08-04 13:48:00.390 INFO [main]org.apache.coyote.http11.Http11NioProtocol.log:180 -Starting ProtocolHandler ["http-nio-8888"]
2018-08-04 13:48:00.412 INFO [main]org.apache.tomcat.util.net.NioSelectorPool.log:180 -Using a shared selector for servlet write/read
2018-08-04 13:48:00.428 INFO [main]o.s.boot.web.embedded.tomcat.TomcatWebServer.start:206 -Tomcat started on port(s): 8888 (http) with context path ''
2018-08-04 13:48:00.433 INFO [main]com.fang.springboot_demo.SpringbootDemoApplication.logStarted:59 -Started SpringbootDemoApplication in 4.824 seconds (JVM running for 6.325)
2018-08-04 13:48:11.747 INFO [http-nio-8888-exec-1]o.a.catalina.core.ContainerBase.[Tomcat].[localhost].[/].log:180 -Initializing Spring FrameworkServlet 'dispatcherServlet'
2018-08-04 13:48:11.747 INFO [http-nio-8888-exec-1]org.springframework.web.servlet.DispatcherServlet.initServletBean:494 -FrameworkServlet 'dispatcherServlet': initialization started
2018-08-04 13:48:11.767 INFO [http-nio-8888-exec-1]org.springframework.web.servlet.DispatcherServlet.initServletBean:509 -FrameworkServlet 'dispatcherServlet': initialization completed in 19 ms
2018-08-04 13:48:11.794 INFO [http-nio-8888-exec-1]com.fang.springboot_demo.controller.UserController.getAllUser:40 -this is info level
2018-08-04 13:48:11.817 INFO [http-nio-8888-exec-1]com.zaxxer.hikari.HikariDataSource.getConnection:110 -HikariPool-1 - Starting...
2018-08-04 13:48:12.050 INFO [http-nio-8888-exec-1]com.zaxxer.hikari.HikariDataSource.getConnection:123 -HikariPool-1 - Start completed.
2018-08-04 14:40:26.671 WARN [HikariPool-1 housekeeper]com.zaxxer.hikari.pool.HikariPool.run:758 -HikariPool-1 - Thread starvation or clock leap detected (housekeeper delta=45m14s444ms).
2018-08-04 14:44:22.929 INFO [Thread-14]o.s.b.w.s.c.AnnotationConfigServletWebServerApplicationContext.doClose:993 -Closing org.springframework.boot.web.servlet.context.AnnotationConfigServletWebServerApplicationContext@56673b2c: startup date [Sat Aug 04 13:47:56 CST 2018]; root of context hierarchy
2018-08-04 14:44:22.931 INFO [Thread-14]o.s.jmx.export.annotation.AnnotationMBeanExporter.destroy:451 -Unregistering JMX-exposed beans on shutdown
2018-08-04 14:44:22.933 INFO [Thread-14]o.s.jmx.export.annotation.AnnotationMBeanExporter.unregisterBeans:183 -Unregistering JMX-exposed beans
2018-08-04 14:44:22.936 INFO [Thread-14]com.zaxxer.hikari.HikariDataSource.close:381 -HikariPool-1 - Shutdown initiated...
2018-08-04 14:44:22.948 INFO [Thread-14]com.zaxxer.hikari.HikariDataSource.close:383 -HikariPool-1 - Shutdown completed.
